#
# There is insufficient memory for the Java Runtime Environment to continue.
# Native memory allocation (malloc) failed to allocate 258976 bytes for Chunk::new
# Possible reasons:
#   The system is out of physical RAM or swap space
#   The process is running with CompressedOops enabled, and the Java Heap may be blocking the growth of the native heap
# Possible solutions:
#   Reduce memory load on the system
#   Increase physical memory or swap space
#   Check if swap backing store is full
#   Decrease Java heap size (-Xmx/-Xms)
#   Decrease number of Java threads
#   Decrease Java thread stack sizes (-Xss)
#   Set larger code cache with -XX:ReservedCodeCacheSize=
#   JVM is running with Zero Based Compressed Oops mode in which the Java heap is
#     placed in the first 32GB address space. The Java Heap base address is the
#     maximum limit for the native heap growth. Please use -XX:HeapBaseMinAddress
#     to set the Java Heap base and to place the Java Heap above 32GB virtual address.
# This output file may be truncated or incomplete.
#
#  Out of Memory Error (arena.cpp:189), pid=47564, tid=29184
#
# JRE version: Java(TM) SE Runtime Environment (17.0.12+8) (build 17.0.12+8-LTS-286)
# Java VM: Java HotSpot(TM) 64-Bit Server VM (17.0.12+8-LTS-286, mixed mode, sharing, tiered, compressed oops, compressed class ptrs, g1 gc, windows-amd64)
# No core dump will be written. Minidumps are not enabled by default on client versions of Windows
#

---------------  S U M M A R Y ------------

Command Line: -javaagent:D:\2024IDEA\IntelliJ IDEA 2024.3\lib\idea_rt.jar=53947:D:\2024IDEA\IntelliJ IDEA 2024.3\bin -Dfile.encoding=UTF-8 com.fan.mybatis.test.MybatisIntroduction

Host: Intel(R) Core(TM) i5-10300H CPU @ 2.50GHz, 8 cores, 15G,  Windows 11 , 64 bit Build 22621 (10.0.22621.5305)
Time: Tue Sep 30 00:13:22 2025  Windows 11 , 64 bit Build 22621 (10.0.22621.5305) elapsed time: 3.484873 seconds (0d 0h 0m 3s)

---------------  T H R E A D  ---------------

Current thread (0x00000208cd708c90):  JavaThread "C2 CompilerThread0" daemon [_thread_in_native, id=29184, stack(0x0000004102b00000,0x0000004102c00000)]


Current CompileTask:
C2:   3485 1820       4       sun.security.ec.point.ProjectivePoint$Mutable::conditionalSet (53 bytes)

Stack: [0x0000004102b00000,0x0000004102c00000]
Native frames: (J=compiled Java code, j=interpreted, Vv=VM code, C=native code)
V  [jvm.dll+0x67a04a]
V  [jvm.dll+0x7da4ed]
V  [jvm.dll+0x7dbe33]
V  [jvm.dll+0x7dc4a3]
V  [jvm.dll+0x24508f]
V  [jvm.dll+0xab773]
V  [jvm.dll+0xabd3c]
V  [jvm.dll+0x2aa52f]
V  [jvm.dll+0x581eb9]
V  [jvm.dll+0x21f422]
V  [jvm.dll+0x21f81f]
V  [jvm.dll+0x218aa0]
V  [jvm.dll+0x215b65]
V  [jvm.dll+0x1a2960]
V  [jvm.dll+0x22610b]
V  [jvm.dll+0x2242ab]
V  [jvm.dll+0x79075c]
V  [jvm.dll+0x78abea]
V  [jvm.dll+0x678f35]
C  [ucrtbase.dll+0x29333]
C  [KERNEL32.DLL+0x1259d]
C  [ntdll.dll+0x5af78]


---------------  P R O C E S S  ---------------

Threads class SMR info:
_java_thread_list=0x000002091370b170, length=19, elements={
0x00000208aa9d5400, 0x00000208cd668ca0, 0x00000208cd669f30, 0x00000208cd704600,
0x00000208cd706ef0, 0x00000208cd7077c0, 0x00000208cd708090, 0x00000208cd708c90,
0x00000208cd70a660, 0x00000208cd70cf80, 0x00000208cd7c26e0, 0x00000208cd960350,
0x00000208cd9c87d0, 0x0000020913168400, 0x00000209130f8c40, 0x00000209132ae9a0,
0x00000209132b7980, 0x000002091326d030, 0x0000020913752b50
}

Java Threads: ( => current thread )
  0x00000208aa9d5400 JavaThread "main" [_thread_in_native, id=37488, stack(0x0000004101e00000,0x0000004101f00000)]
  0x00000208cd668ca0 JavaThread "Reference Handler" daemon [_thread_blocked, id=2020, stack(0x0000004102500000,0x0000004102600000)]
  0x00000208cd669f30 JavaThread "Finalizer" daemon [_thread_blocked, id=32600, stack(0x0000004102600000,0x0000004102700000)]
  0x00000208cd704600 JavaThread "Signal Dispatcher" daemon [_thread_blocked, id=30560, stack(0x0000004102700000,0x0000004102800000)]
  0x00000208cd706ef0 JavaThread "Attach Listener" daemon [_thread_blocked, id=40540, stack(0x0000004102800000,0x0000004102900000)]
  0x00000208cd7077c0 JavaThread "Service Thread" daemon [_thread_blocked, id=35864, stack(0x0000004102900000,0x0000004102a00000)]
  0x00000208cd708090 JavaThread "Monitor Deflation Thread" daemon [_thread_blocked, id=21072, stack(0x0000004102a00000,0x0000004102b00000)]
=>0x00000208cd708c90 JavaThread "C2 CompilerThread0" daemon [_thread_in_native, id=29184, stack(0x0000004102b00000,0x0000004102c00000)]
  0x00000208cd70a660 JavaThread "C1 CompilerThread0" daemon [_thread_blocked, id=24904, stack(0x0000004102c00000,0x0000004102d00000)]
  0x00000208cd70cf80 JavaThread "Sweeper thread" daemon [_thread_blocked, id=43796, stack(0x0000004102d00000,0x0000004102e00000)]
  0x00000208cd7c26e0 JavaThread "Common-Cleaner" daemon [_thread_blocked, id=40572, stack(0x0000004102e00000,0x0000004102f00000)]
  0x00000208cd960350 JavaThread "Monitor Ctrl-Break" daemon [_thread_in_native, id=9220, stack(0x0000004103000000,0x0000004103100000)]
  0x00000208cd9c87d0 JavaThread "Notification Thread" daemon [_thread_blocked, id=35508, stack(0x0000004103100000,0x0000004103200000)]
  0x0000020913168400 JavaThread "RMI TCP Accept-0" daemon [_thread_in_native, id=34356, stack(0x0000004103300000,0x0000004103400000)]
  0x00000209130f8c40 JavaThread "RMI TCP Connection(1)-172.25.92.208" daemon [_thread_in_native, id=3708, stack(0x0000004103400000,0x0000004103500000)]
  0x00000209132ae9a0 JavaThread "RMI Scheduler(0)" daemon [_thread_blocked, id=22680, stack(0x0000004103500000,0x0000004103600000)]
  0x00000209132b7980 JavaThread "mysql-cj-abandoned-connection-cleanup" daemon [_thread_blocked, id=15192, stack(0x0000004103600000,0x0000004103700000)]
  0x000002091326d030 JavaThread "JMX server connection timeout 21" daemon [_thread_blocked, id=47392, stack(0x0000004103700000,0x0000004103800000)]
  0x0000020913752b50 JavaThread "C2 CompilerThread1" daemon [_thread_blocked, id=38620, stack(0x0000004102f00000,0x0000004103000000)]

Other Threads:
  0x00000208cd6629f0 VMThread "VM Thread" [stack: 0x0000004102400000,0x0000004102500000] [id=30504]
  0x00000208cd9c8cb0 WatcherThread [stack: 0x0000004103200000,0x0000004103300000] [id=37396]
  0x00000208aaa440f0 GCTaskThread "GC Thread#0" [stack: 0x0000004101f00000,0x0000004102000000] [id=22468]
  0x00000209133edcd0 GCTaskThread "GC Thread#1" [stack: 0x0000004103800000,0x0000004103900000] [id=32512]
  0x000002091359fbf0 GCTaskThread "GC Thread#2" [stack: 0x0000004103900000,0x0000004103a00000] [id=36948]
  0x00000209135882a0 GCTaskThread "GC Thread#3" [stack: 0x0000004103a00000,0x0000004103b00000] [id=30544]
  0x000002091357b1a0 GCTaskThread "GC Thread#4" [stack: 0x0000004103b00000,0x0000004103c00000] [id=46892]
  0x000002091357b460 GCTaskThread "GC Thread#5" [stack: 0x0000004103c00000,0x0000004103d00000] [id=25900]
  0x000002091357f370 GCTaskThread "GC Thread#6" [stack: 0x0000004103d00000,0x0000004103e00000] [id=44552]
  0x00000209135aff90 GCTaskThread "GC Thread#7" [stack: 0x0000004103e00000,0x0000004103f00000] [id=6976]
  0x00000208aaa54c10 ConcurrentGCThread "G1 Main Marker" [stack: 0x0000004102000000,0x0000004102100000] [id=22932]
  0x00000208aaa55520 ConcurrentGCThread "G1 Conc#0" [stack: 0x0000004102100000,0x0000004102200000] [id=1952]
  0x00000208cd51e130 ConcurrentGCThread "G1 Refine#0" [stack: 0x0000004102200000,0x0000004102300000] [id=36348]
  0x00000208cd51e970 ConcurrentGCThread "G1 Service" [stack: 0x0000004102300000,0x0000004102400000] [id=24880]

Threads with active compile tasks:
C2 CompilerThread0     3522 1820       4       sun.security.ec.point.ProjectivePoint$Mutable::conditionalSet (53 bytes)

VM state: not at safepoint (normal execution)

VM Mutex/Monitor currently owned by a thread: None

Heap address: 0x0000000703200000, size: 4046 MB, Compressed Oops mode: Zero based, Oop shift amount: 3

CDS archive(s) mapped at: [0x00000208ce000000-0x00000208cebd0000-0x00000208cebd0000), size 12386304, SharedBaseAddress: 0x00000208ce000000, ArchiveRelocationMode: 1.
Compressed class space mapped at: 0x00000208cf000000-0x000002090f000000, reserved size: 1073741824
Narrow klass base: 0x00000208ce000000, Narrow klass shift: 0, Narrow klass range: 0x100000000

GC Precious Log:
 CPUs: 8 total, 8 available
 Memory: 16177M
 Large Page Support: Disabled
 NUMA Support: Disabled
 Compressed Oops: Enabled (Zero based)
 Heap Region Size: 2M
 Heap Min Capacity: 8M
 Heap Initial Capacity: 254M
 Heap Max Capacity: 4046M
 Pre-touch: Disabled
 Parallel Workers: 8
 Concurrent Workers: 2
 Concurrent Refinement Workers: 8
 Periodic GC: Disabled

Heap:
 garbage-first heap   total 260096K, used 18231K [0x0000000703200000, 0x0000000800000000)
  region size 2048K, 10 young (20480K), 2 survivors (4096K)
 Metaspace       used 17683K, committed 17920K, reserved 1114112K
  class space    used 2022K, committed 2112K, reserved 1048576K

Heap Regions: E=young(eden), S=young(survivor), O=old, HS=humongous(starts), HC=humongous(continues), CS=collection set, F=free, OA=open archive, CA=closed archive, TAMS=top-at-mark-start (previous, next)
|   0|0x0000000703200000, 0x0000000703200000, 0x0000000703400000|  0%| F|  |TAMS 0x0000000703200000, 0x0000000703200000| Untracked 
|   1|0x0000000703400000, 0x0000000703400000, 0x0000000703600000|  0%| F|  |TAMS 0x0000000703400000, 0x0000000703400000| Untracked 
|   2|0x0000000703600000, 0x0000000703600000, 0x0000000703800000|  0%| F|  |TAMS 0x0000000703600000, 0x0000000703600000| Untracked 
|   3|0x0000000703800000, 0x0000000703800000, 0x0000000703a00000|  0%| F|  |TAMS 0x0000000703800000, 0x0000000703800000| Untracked 
|   4|0x0000000703a00000, 0x0000000703a00000, 0x0000000703c00000|  0%| F|  |TAMS 0x0000000703a00000, 0x0000000703a00000| Untracked 
|   5|0x0000000703c00000, 0x0000000703c00000, 0x0000000703e00000|  0%| F|  |TAMS 0x0000000703c00000, 0x0000000703c00000| Untracked 
|   6|0x0000000703e00000, 0x0000000703e00000, 0x0000000704000000|  0%| F|  |TAMS 0x0000000703e00000, 0x0000000703e00000| Untracked 
|   7|0x0000000704000000, 0x0000000704000000, 0x0000000704200000|  0%| F|  |TAMS 0x0000000704000000, 0x0000000704000000| Untracked 
|   8|0x0000000704200000, 0x0000000704200000, 0x0000000704400000|  0%| F|  |TAMS 0x0000000704200000, 0x0000000704200000| Untracked 
|   9|0x0000000704400000, 0x0000000704400000, 0x0000000704600000|  0%| F|  |TAMS 0x0000000704400000, 0x0000000704400000| Untracked 
|  10|0x0000000704600000, 0x0000000704600000, 0x0000000704800000|  0%| F|  |TAMS 0x0000000704600000, 0x0000000704600000| Untracked 
|  11|0x0000000704800000, 0x0000000704800000, 0x0000000704a00000|  0%| F|  |TAMS 0x0000000704800000, 0x0000000704800000| Untracked 
|  12|0x0000000704a00000, 0x0000000704a00000, 0x0000000704c00000|  0%| F|  |TAMS 0x0000000704a00000, 0x0000000704a00000| Untracked 
|  13|0x0000000704c00000, 0x0000000704c00000, 0x0000000704e00000|  0%| F|  |TAMS 0x0000000704c00000, 0x0000000704c00000| Untracked 
|  14|0x0000000704e00000, 0x0000000704e00000, 0x0000000705000000|  0%| F|  |TAMS 0x0000000704e00000, 0x0000000704e00000| Untracked 
|  15|0x0000000705000000, 0x0000000705000000, 0x0000000705200000|  0%| F|  |TAMS 0x0000000705000000, 0x0000000705000000| Untracked 
|  16|0x0000000705200000, 0x0000000705200000, 0x0000000705400000|  0%| F|  |TAMS 0x0000000705200000, 0x0000000705200000| Untracked 
|  17|0x0000000705400000, 0x0000000705400000, 0x0000000705600000|  0%| F|  |TAMS 0x0000000705400000, 0x0000000705400000| Untracked 
|  18|0x0000000705600000, 0x0000000705600000, 0x0000000705800000|  0%| F|  |TAMS 0x0000000705600000, 0x0000000705600000| Untracked 
|  19|0x0000000705800000, 0x0000000705800000, 0x0000000705a00000|  0%| F|  |TAMS 0x0000000705800000, 0x0000000705800000| Untracked 
|  20|0x0000000705a00000, 0x0000000705a00000, 0x0000000705c00000|  0%| F|  |TAMS 0x0000000705a00000, 0x0000000705a00000| Untracked 
|  21|0x0000000705c00000, 0x0000000705c00000, 0x0000000705e00000|  0%| F|  |TAMS 0x0000000705c00000, 0x0000000705c00000| Untracked 
|  22|0x0000000705e00000, 0x0000000705e00000, 0x0000000706000000|  0%| F|  |TAMS 0x0000000705e00000, 0x0000000705e00000| Untracked 
|  23|0x0000000706000000, 0x0000000706000000, 0x0000000706200000|  0%| F|  |TAMS 0x0000000706000000, 0x0000000706000000| Untracked 
|  24|0x0000000706200000, 0x0000000706200000, 0x0000000706400000|  0%| F|  |TAMS 0x0000000706200000, 0x0000000706200000| Untracked 
|  25|0x0000000706400000, 0x0000000706400000, 0x0000000706600000|  0%| F|  |TAMS 0x0000000706400000, 0x0000000706400000| Untracked 
|  26|0x0000000706600000, 0x0000000706600000, 0x0000000706800000|  0%| F|  |TAMS 0x0000000706600000, 0x0000000706600000| Untracked 
|  27|0x0000000706800000, 0x0000000706800000, 0x0000000706a00000|  0%| F|  |TAMS 0x0000000706800000, 0x0000000706800000| Untracked 
|  28|0x0000000706a00000, 0x0000000706a00000, 0x0000000706c00000|  0%| F|  |TAMS 0x0000000706a00000, 0x0000000706a00000| Untracked 
|  29|0x0000000706c00000, 0x0000000706c00000, 0x0000000706e00000|  0%| F|  |TAMS 0x0000000706c00000, 0x0000000706c00000| Untracked 
|  30|0x0000000706e00000, 0x0000000706e00000, 0x0000000707000000|  0%| F|  |TAMS 0x0000000706e00000, 0x0000000706e00000| Untracked 
|  31|0x0000000707000000, 0x0000000707000000, 0x0000000707200000|  0%| F|  |TAMS 0x0000000707000000, 0x0000000707000000| Untracked 
|  32|0x0000000707200000, 0x0000000707200000, 0x0000000707400000|  0%| F|  |TAMS 0x0000000707200000, 0x0000000707200000| Untracked 
|  33|0x0000000707400000, 0x0000000707400000, 0x0000000707600000|  0%| F|  |TAMS 0x0000000707400000, 0x0000000707400000| Untracked 
|  34|0x0000000707600000, 0x0000000707600000, 0x0000000707800000|  0%| F|  |TAMS 0x0000000707600000, 0x0000000707600000| Untracked 
|  35|0x0000000707800000, 0x0000000707800000, 0x0000000707a00000|  0%| F|  |TAMS 0x0000000707800000, 0x0000000707800000| Untracked 
|  36|0x0000000707a00000, 0x0000000707a00000, 0x0000000707c00000|  0%| F|  |TAMS 0x0000000707a00000, 0x0000000707a00000| Untracked 
|  37|0x0000000707c00000, 0x0000000707c00000, 0x0000000707e00000|  0%| F|  |TAMS 0x0000000707c00000, 0x0000000707c00000| Untracked 
|  38|0x0000000707e00000, 0x0000000707e00000, 0x0000000708000000|  0%| F|  |TAMS 0x0000000707e00000, 0x0000000707e00000| Untracked 
|  39|0x0000000708000000, 0x0000000708000000, 0x0000000708200000|  0%| F|  |TAMS 0x0000000708000000, 0x0000000708000000| Untracked 
|  40|0x0000000708200000, 0x0000000708200000, 0x0000000708400000|  0%| F|  |TAMS 0x0000000708200000, 0x0000000708200000| Untracked 
|  41|0x0000000708400000, 0x0000000708400000, 0x0000000708600000|  0%| F|  |TAMS 0x0000000708400000, 0x0000000708400000| Untracked 
|  42|0x0000000708600000, 0x0000000708600000, 0x0000000708800000|  0%| F|  |TAMS 0x0000000708600000, 0x0000000708600000| Untracked 
|  43|0x0000000708800000, 0x0000000708800000, 0x0000000708a00000|  0%| F|  |TAMS 0x0000000708800000, 0x0000000708800000| Untracked 
|  44|0x0000000708a00000, 0x0000000708a00000, 0x0000000708c00000|  0%| F|  |TAMS 0x0000000708a00000, 0x0000000708a00000| Untracked 
|  45|0x0000000708c00000, 0x0000000708c00000, 0x0000000708e00000|  0%| F|  |TAMS 0x0000000708c00000, 0x0000000708c00000| Untracked 
|  46|0x0000000708e00000, 0x0000000708e00000, 0x0000000709000000|  0%| F|  |TAMS 0x0000000708e00000, 0x0000000708e00000| Untracked 
|  47|0x0000000709000000, 0x0000000709000000, 0x0000000709200000|  0%| F|  |TAMS 0x0000000709000000, 0x0000000709000000| Untracked 
|  48|0x0000000709200000, 0x0000000709200000, 0x0000000709400000|  0%| F|  |TAMS 0x0000000709200000, 0x0000000709200000| Untracked 
|  49|0x0000000709400000, 0x0000000709400000, 0x0000000709600000|  0%| F|  |TAMS 0x0000000709400000, 0x0000000709400000| Untracked 
|  50|0x0000000709600000, 0x0000000709600000, 0x0000000709800000|  0%| F|  |TAMS 0x0000000709600000, 0x0000000709600000| Untracked 
|  51|0x0000000709800000, 0x0000000709800000, 0x0000000709a00000|  0%| F|  |TAMS 0x0000000709800000, 0x0000000709800000| Untracked 
|  52|0x0000000709a00000, 0x0000000709a00000, 0x0000000709c00000|  0%| F|  |TAMS 0x0000000709a00000, 0x0000000709a00000| Untracked 
|  53|0x0000000709c00000, 0x0000000709c00000, 0x0000000709e00000|  0%| F|  |TAMS 0x0000000709c00000, 0x0000000709c00000| Untracked 
|  54|0x0000000709e00000, 0x0000000709e00000, 0x000000070a000000|  0%| F|  |TAMS 0x0000000709e00000, 0x0000000709e00000| Untracked 
|  55|0x000000070a000000, 0x000000070a000000, 0x000000070a200000|  0%| F|  |TAMS 0x000000070a000000, 0x000000070a000000| Untracked 
|  56|0x000000070a200000, 0x000000070a200000, 0x000000070a400000|  0%| F|  |TAMS 0x000000070a200000, 0x000000070a200000| Untracked 
|  57|0x000000070a400000, 0x000000070a400000, 0x000000070a600000|  0%| F|  |TAMS 0x000000070a400000, 0x000000070a400000| Untracked 
|  58|0x000000070a600000, 0x000000070a600000, 0x000000070a800000|  0%| F|  |TAMS 0x000000070a600000, 0x000000070a600000| Untracked 
|  59|0x000000070a800000, 0x000000070a800000, 0x000000070aa00000|  0%| F|  |TAMS 0x000000070a800000, 0x000000070a800000| Untracked 
|  60|0x000000070aa00000, 0x000000070aa00000, 0x000000070ac00000|  0%| F|  |TAMS 0x000000070aa00000, 0x000000070aa00000| Untracked 
|  61|0x000000070ac00000, 0x000000070ac00000, 0x000000070ae00000|  0%| F|  |TAMS 0x000000070ac00000, 0x000000070ac00000| Untracked 
|  62|0x000000070ae00000, 0x000000070ae00000, 0x000000070b000000|  0%| F|  |TAMS 0x000000070ae00000, 0x000000070ae00000| Untracked 
|  63|0x000000070b000000, 0x000000070b000000, 0x000000070b200000|  0%| F|  |TAMS 0x000000070b000000, 0x000000070b000000| Untracked 
|  64|0x000000070b200000, 0x000000070b200000, 0x000000070b400000|  0%| F|  |TAMS 0x000000070b200000, 0x000000070b200000| Untracked 
|  65|0x000000070b400000, 0x000000070b400000, 0x000000070b600000|  0%| F|  |TAMS 0x000000070b400000, 0x000000070b400000| Untracked 
|  66|0x000000070b600000, 0x000000070b600000, 0x000000070b800000|  0%| F|  |TAMS 0x000000070b600000, 0x000000070b600000| Untracked 
|  67|0x000000070b800000, 0x000000070b800000, 0x000000070ba00000|  0%| F|  |TAMS 0x000000070b800000, 0x000000070b800000| Untracked 
|  68|0x000000070ba00000, 0x000000070ba00000, 0x000000070bc00000|  0%| F|  |TAMS 0x000000070ba00000, 0x000000070ba00000| Untracked 
|  69|0x000000070bc00000, 0x000000070bc00000, 0x000000070be00000|  0%| F|  |TAMS 0x000000070bc00000, 0x000000070bc00000| Untracked 
|  70|0x000000070be00000, 0x000000070be00000, 0x000000070c000000|  0%| F|  |TAMS 0x000000070be00000, 0x000000070be00000| Untracked 
|  71|0x000000070c000000, 0x000000070c000000, 0x000000070c200000|  0%| F|  |TAMS 0x000000070c000000, 0x000000070c000000| Untracked 
|  72|0x000000070c200000, 0x000000070c200000, 0x000000070c400000|  0%| F|  |TAMS 0x000000070c200000, 0x000000070c200000| Untracked 
|  73|0x000000070c400000, 0x000000070c400000, 0x000000070c600000|  0%| F|  |TAMS 0x000000070c400000, 0x000000070c400000| Untracked 
|  74|0x000000070c600000, 0x000000070c600000, 0x000000070c800000|  0%| F|  |TAMS 0x000000070c600000, 0x000000070c600000| Untracked 
|  75|0x000000070c800000, 0x000000070c800000, 0x000000070ca00000|  0%| F|  |TAMS 0x000000070c800000, 0x000000070c800000| Untracked 
|  76|0x000000070ca00000, 0x000000070ca00000, 0x000000070cc00000|  0%| F|  |TAMS 0x000000070ca00000, 0x000000070ca00000| Untracked 
|  77|0x000000070cc00000, 0x000000070cc00000, 0x000000070ce00000|  0%| F|  |TAMS 0x000000070cc00000, 0x000000070cc00000| Untracked 
|  78|0x000000070ce00000, 0x000000070ce00000, 0x000000070d000000|  0%| F|  |TAMS 0x000000070ce00000, 0x000000070ce00000| Untracked 
|  79|0x000000070d000000, 0x000000070d000000, 0x000000070d200000|  0%| F|  |TAMS 0x000000070d000000, 0x000000070d000000| Untracked 
|  80|0x000000070d200000, 0x000000070d200000, 0x000000070d400000|  0%| F|  |TAMS 0x000000070d200000, 0x000000070d200000| Untracked 
|  81|0x000000070d400000, 0x000000070d400000, 0x000000070d600000|  0%| F|  |TAMS 0x000000070d400000, 0x000000070d400000| Untracked 
|  82|0x000000070d600000, 0x000000070d600000, 0x000000070d800000|  0%| F|  |TAMS 0x000000070d600000, 0x000000070d600000| Untracked 
|  83|0x000000070d800000, 0x000000070d800000, 0x000000070da00000|  0%| F|  |TAMS 0x000000070d800000, 0x000000070d800000| Untracked 
|  84|0x000000070da00000, 0x000000070da00000, 0x000000070dc00000|  0%| F|  |TAMS 0x000000070da00000, 0x000000070da00000| Untracked 
|  85|0x000000070dc00000, 0x000000070dc00000, 0x000000070de00000|  0%| F|  |TAMS 0x000000070dc00000, 0x000000070dc00000| Untracked 
|  86|0x000000070de00000, 0x000000070de00000, 0x000000070e000000|  0%| F|  |TAMS 0x000000070de00000, 0x000000070de00000| Untracked 
|  87|0x000000070e000000, 0x000000070e000000, 0x000000070e200000|  0%| F|  |TAMS 0x000000070e000000, 0x000000070e000000| Untracked 
|  88|0x000000070e200000, 0x000000070e200000, 0x000000070e400000|  0%| F|  |TAMS 0x000000070e200000, 0x000000070e200000| Untracked 
|  89|0x000000070e400000, 0x000000070e400000, 0x000000070e600000|  0%| F|  |TAMS 0x000000070e400000, 0x000000070e400000| Untracked 
|  90|0x000000070e600000, 0x000000070e600000, 0x000000070e800000|  0%| F|  |TAMS 0x000000070e600000, 0x000000070e600000| Untracked 
|  91|0x000000070e800000, 0x000000070e800000, 0x000000070ea00000|  0%| F|  |TAMS 0x000000070e800000, 0x000000070e800000| Untracked 
|  92|0x000000070ea00000, 0x000000070ea00000, 0x000000070ec00000|  0%| F|  |TAMS 0x000000070ea00000, 0x000000070ea00000| Untracked 
|  93|0x000000070ec00000, 0x000000070ec00000, 0x000000070ee00000|  0%| F|  |TAMS 0x000000070ec00000, 0x000000070ec00000| Untracked 
|  94|0x000000070ee00000, 0x000000070ee00000, 0x000000070f000000|  0%| F|  |TAMS 0x000000070ee00000, 0x000000070ee00000| Untracked 
|  95|0x000000070f000000, 0x000000070f000000, 0x000000070f200000|  0%| F|  |TAMS 0x000000070f000000, 0x000000070f000000| Untracked 
|  96|0x000000070f200000, 0x000000070f200000, 0x000000070f400000|  0%| F|  |TAMS 0x000000070f200000, 0x000000070f200000| Untracked 
|  97|0x000000070f400000, 0x000000070f400000, 0x000000070f600000|  0%| F|  |TAMS 0x000000070f400000, 0x000000070f400000| Untracked 
|  98|0x000000070f600000, 0x000000070f600000, 0x000000070f800000|  0%| F|  |TAMS 0x000000070f600000, 0x000000070f600000| Untracked 
|  99|0x000000070f800000, 0x000000070f800000, 0x000000070fa00000|  0%| F|  |TAMS 0x000000070f800000, 0x000000070f800000| Untracked 
| 100|0x000000070fa00000, 0x000000070fa00000, 0x000000070fc00000|  0%| F|  |TAMS 0x000000070fa00000, 0x000000070fa00000| Untracked 
| 101|0x000000070fc00000, 0x000000070fc00000, 0x000000070fe00000|  0%| F|  |TAMS 0x000000070fc00000, 0x000000070fc00000| Untracked 
| 102|0x000000070fe00000, 0x000000070fe00000, 0x0000000710000000|  0%| F|  |TAMS 0x000000070fe00000, 0x000000070fe00000| Untracked 
| 103|0x0000000710000000, 0x0000000710000000, 0x0000000710200000|  0%| F|  |TAMS 0x0000000710000000, 0x0000000710000000| Untracked 
| 104|0x0000000710200000, 0x0000000710200000, 0x0000000710400000|  0%| F|  |TAMS 0x0000000710200000, 0x0000000710200000| Untracked 
| 105|0x0000000710400000, 0x0000000710400000, 0x0000000710600000|  0%| F|  |TAMS 0x0000000710400000, 0x0000000710400000| Untracked 
| 106|0x0000000710600000, 0x0000000710600000, 0x0000000710800000|  0%| F|  |TAMS 0x0000000710600000, 0x0000000710600000| Untracked 
| 107|0x0000000710800000, 0x0000000710800000, 0x0000000710a00000|  0%| F|  |TAMS 0x0000000710800000, 0x0000000710800000| Untracked 
| 108|0x0000000710a00000, 0x0000000710a00000, 0x0000000710c00000|  0%| F|  |TAMS 0x0000000710a00000, 0x0000000710a00000| Untracked 
| 109|0x0000000710c00000, 0x0000000710c00000, 0x0000000710e00000|  0%| F|  |TAMS 0x0000000710c00000, 0x0000000710c00000| Untracked 
| 110|0x0000000710e00000, 0x0000000710e00000, 0x0000000711000000|  0%| F|  |TAMS 0x0000000710e00000, 0x0000000710e00000| Untracked 
| 111|0x0000000711000000, 0x0000000711000000, 0x0000000711200000|  0%| F|  |TAMS 0x0000000711000000, 0x0000000711000000| Untracked 
| 112|0x0000000711200000, 0x0000000711200000, 0x0000000711400000|  0%| F|  |TAMS 0x0000000711200000, 0x0000000711200000| Untracked 
| 113|0x0000000711400000, 0x0000000711400000, 0x0000000711600000|  0%| F|  |TAMS 0x0000000711400000, 0x0000000711400000| Untracked 
| 114|0x0000000711600000, 0x00000007117cdfa0, 0x0000000711800000| 90%| S|CS|TAMS 0x0000000711600000, 0x0000000711600000| Complete 
| 115|0x0000000711800000, 0x0000000711a00000, 0x0000000711a00000|100%| S|CS|TAMS 0x0000000711800000, 0x0000000711800000| Complete 
| 116|0x0000000711a00000, 0x0000000711a00000, 0x0000000711c00000|  0%| F|  |TAMS 0x0000000711a00000, 0x0000000711a00000| Untracked 
| 117|0x0000000711c00000, 0x0000000711c00000, 0x0000000711e00000|  0%| F|  |TAMS 0x0000000711c00000, 0x0000000711c00000| Untracked 
| 118|0x0000000711e00000, 0x0000000711e00000, 0x0000000712000000|  0%| F|  |TAMS 0x0000000711e00000, 0x0000000711e00000| Untracked 
| 119|0x0000000712000000, 0x00000007120f5d48, 0x0000000712200000| 48%| E|  |TAMS 0x0000000712000000, 0x0000000712000000| Complete 
| 120|0x0000000712200000, 0x0000000712400000, 0x0000000712400000|100%| E|CS|TAMS 0x0000000712200000, 0x0000000712200000| Complete 
| 121|0x0000000712400000, 0x0000000712600000, 0x0000000712600000|100%| E|CS|TAMS 0x0000000712400000, 0x0000000712400000| Complete 
| 122|0x0000000712600000, 0x0000000712800000, 0x0000000712800000|100%| E|CS|TAMS 0x0000000712600000, 0x0000000712600000| Complete 
| 123|0x0000000712800000, 0x0000000712a00000, 0x0000000712a00000|100%| E|CS|TAMS 0x0000000712800000, 0x0000000712800000| Complete 
| 124|0x0000000712a00000, 0x0000000712c00000, 0x0000000712c00000|100%| E|CS|TAMS 0x0000000712a00000, 0x0000000712a00000| Complete 
| 125|0x0000000712c00000, 0x0000000712e00000, 0x0000000712e00000|100%| E|CS|TAMS 0x0000000712c00000, 0x0000000712c00000| Complete 
| 126|0x0000000712e00000, 0x0000000713000000, 0x0000000713000000|100%| E|CS|TAMS 0x0000000712e00000, 0x0000000712e00000| Complete 

Card table byte_map: [0x00000208c1db0000,0x00000208c25a0000] _byte_map_base: 0x00000208be597000

Marking Bits (Prev, Next): (CMBitMap*) 0x00000208aaa44610, (CMBitMap*) 0x00000208aaa44650
 Prev Bits: [0x00000208c2d90000, 0x00000208c6cc8000)
 Next Bits: [0x00000208c6cd0000, 0x00000208cac08000)

Polling page: 0x00000208a8990000

Metaspace:

Usage:
  Non-class:     15.29 MB used.
      Class:      1.97 MB used.
       Both:     17.27 MB used.

Virtual space:
  Non-class space:       64.00 MB reserved,      15.44 MB ( 24%) committed,  1 nodes.
      Class space:        1.00 GB reserved,       2.06 MB ( <1%) committed,  1 nodes.
             Both:        1.06 GB reserved,      17.50 MB (  2%) committed. 

Chunk freelists:
   Non-Class:  490.00 KB
       Class:  13.95 MB
        Both:  14.43 MB

MaxMetaspaceSize: unlimited
CompressedClassSpaceSize: 1.00 GB
Initial GC threshold: 21.00 MB
Current GC threshold: 21.00 MB
CDS: on
MetaspaceReclaimPolicy: balanced
 - commit_granule_bytes: 65536.
 - commit_granule_words: 8192.
 - virtual_space_node_default_size: 8388608.
 - enlarge_chunks_in_place: 1.
 - new_chunks_are_fully_committed: 0.
 - uncommit_free_chunks: 1.
 - use_allocation_guard: 0.
 - handle_deallocations: 1.


Internal statistics:

num_allocs_failed_limit: 0.
num_arena_births: 208.
num_arena_deaths: 0.
num_vsnodes_births: 2.
num_vsnodes_deaths: 0.
num_space_committed: 280.
num_space_uncommitted: 0.
num_chunks_returned_to_freelist: 0.
num_chunks_taken_from_freelist: 481.
num_chunk_merges: 0.
num_chunk_splits: 311.
num_chunks_enlarged: 187.
num_inconsistent_stats: 0.

CodeHeap 'non-profiled nmethods': size=120000Kb used=617Kb max_used=617Kb free=119382Kb
 bounds [0x00000208b9d60000, 0x00000208b9fd0000, 0x00000208c1290000]
CodeHeap 'profiled nmethods': size=120000Kb used=3408Kb max_used=3408Kb free=116591Kb
 bounds [0x00000208b2290000, 0x00000208b25f0000, 0x00000208b97c0000]
CodeHeap 'non-nmethods': size=5760Kb used=1259Kb max_used=1283Kb free=4500Kb
 bounds [0x00000208b97c0000, 0x00000208b9a30000, 0x00000208b9d60000]
 total_blobs=2418 nmethods=1851 adapters=479
 compilation: enabled
              stopped_count=0, restarted_count=0
 full_count=0

Compilation events (20 events):
Event: 3.467 Thread 0x00000208cd70a660 1824       3       java.util.Collections$UnmodifiableCollection::iterator (9 bytes)
Event: 3.468 Thread 0x00000208cd70a660 nmethod 1824 0x00000208b25d1d10 code [0x00000208b25d1ec0, 0x00000208b25d2288]
Event: 3.468 Thread 0x00000208cd70a660 1825       3       java.util.Collections$UnmodifiableCollection$1::<init> (26 bytes)
Event: 3.468 Thread 0x00000208cd70a660 nmethod 1825 0x00000208b25d2410 code [0x00000208b25d25c0, 0x00000208b25d28c8]
Event: 3.468 Thread 0x00000208cd70a660 1826       3       java.math.MutableBigInteger::mulsub (110 bytes)
Event: 3.468 Thread 0x00000208cd70a660 nmethod 1826 0x00000208b25d2a10 code [0x00000208b25d2bc0, 0x00000208b25d2e98]
Event: 3.469 Thread 0x0000020913752b50 nmethod 1815 0x00000208b9df6110 code [0x00000208b9df62c0, 0x00000208b9df6658]
Event: 3.470 Thread 0x0000020913752b50 1827       4       java.math.BigInteger::implMulAdd (81 bytes)
Event: 3.470 Thread 0x00000208cd70a660 1828       3       java.math.BigInteger::shiftLeftImplWorker (43 bytes)
Event: 3.471 Thread 0x00000208cd70a660 nmethod 1828 0x00000208b25d3010 code [0x00000208b25d31c0, 0x00000208b25d33f8]
Event: 3.471 Thread 0x0000020913752b50 nmethod 1827 0x00000208b9df6810 code [0x00000208b9df6980, 0x00000208b9df6ad8]
Event: 3.471 Thread 0x0000020913752b50 1823 %     4       com.sun.crypto.provider.GHASH::blockMult @ 23 (245 bytes)
Event: 3.473 Thread 0x00000208cd70a660 1829       3       sun.security.jca.Providers::getProviderList (14 bytes)
Event: 3.473 Thread 0x00000208cd70a660 nmethod 1829 0x00000208b25d3590 code [0x00000208b25d3760, 0x00000208b25d3b68]
Event: 3.473 Thread 0x00000208cd70a660 1830       3       sun.security.jca.Providers::getThreadProviderList (18 bytes)
Event: 3.473 Thread 0x00000208cd70a660 nmethod 1830 0x00000208b25d3c90 code [0x00000208b25d3e40, 0x00000208b25d4168]
Event: 3.474 Thread 0x00000208cd70a660 1832   !   3       javax.crypto.Mac::chooseFirstProvider (236 bytes)
Event: 3.475 Thread 0x00000208cd70a660 nmethod 1832 0x00000208b25d4210 code [0x00000208b25d44a0, 0x00000208b25d5478]
Event: 3.475 Thread 0x00000208cd70a660 1833       3       sun.security.ssl.Record::verifyLength (19 bytes)
Event: 3.475 Thread 0x00000208cd70a660 nmethod 1833 0x00000208b25d5990 code [0x00000208b25d5b40, 0x00000208b25d5da8]

GC Heap History (2 events):
Event: 1.451 GC heap before
{Heap before GC invocations=0 (full 0):
 garbage-first heap   total 260096K, used 22528K [0x0000000703200000, 0x0000000800000000)
  region size 2048K, 11 young (22528K), 0 survivors (0K)
 Metaspace       used 9785K, committed 10048K, reserved 1114112K
  class space    used 1136K, committed 1280K, reserved 1048576K
}
Event: 1.462 GC heap after
{Heap after GC invocations=1 (full 0):
 garbage-first heap   total 260096K, used 3895K [0x0000000703200000, 0x0000000800000000)
  region size 2048K, 2 young (4096K), 2 survivors (4096K)
 Metaspace       used 9785K, committed 10048K, reserved 1114112K
  class space    used 1136K, committed 1280K, reserved 1048576K
}

Deoptimization events (20 events):
Event: 3.444 Thread 0x00000208aa9d5400 Uncommon trap: trap_request=0xffffffde fr.pc=0x00000208b9de7384 relative=0x0000000000000264
Event: 3.444 Thread 0x00000208aa9d5400 Uncommon trap: reason=class_check action=maybe_recompile pc=0x00000208b9de7384 method=sun.security.util.math.intpoly.IntegerPolynomial.multByInt([JJ)V @ 26 c2
Event: 3.444 Thread 0x00000208aa9d5400 DEOPT PACKING pc=0x00000208b9de7384 sp=0x0000004101efd9c0
Event: 3.444 Thread 0x00000208aa9d5400 DEOPT UNPACKING pc=0x00000208b98123a3 sp=0x0000004101efd970 mode 2
Event: 3.444 Thread 0x00000208aa9d5400 Uncommon trap: trap_request=0xffffffde fr.pc=0x00000208b9de7384 relative=0x0000000000000264
Event: 3.444 Thread 0x00000208aa9d5400 Uncommon trap: reason=class_check action=maybe_recompile pc=0x00000208b9de7384 method=sun.security.util.math.intpoly.IntegerPolynomial.multByInt([JJ)V @ 26 c2
Event: 3.444 Thread 0x00000208aa9d5400 DEOPT PACKING pc=0x00000208b9de7384 sp=0x0000004101efd9c0
Event: 3.444 Thread 0x00000208aa9d5400 DEOPT UNPACKING pc=0x00000208b98123a3 sp=0x0000004101efd970 mode 2
Event: 3.444 Thread 0x00000208aa9d5400 Uncommon trap: trap_request=0xffffffde fr.pc=0x00000208b9de7384 relative=0x0000000000000264
Event: 3.444 Thread 0x00000208aa9d5400 Uncommon trap: reason=class_check action=maybe_recompile pc=0x00000208b9de7384 method=sun.security.util.math.intpoly.IntegerPolynomial.multByInt([JJ)V @ 26 c2
Event: 3.444 Thread 0x00000208aa9d5400 DEOPT PACKING pc=0x00000208b9de7384 sp=0x0000004101efd9c0
Event: 3.444 Thread 0x00000208aa9d5400 DEOPT UNPACKING pc=0x00000208b98123a3 sp=0x0000004101efd970 mode 2
Event: 3.444 Thread 0x00000208aa9d5400 Uncommon trap: trap_request=0xffffffde fr.pc=0x00000208b9de7384 relative=0x0000000000000264
Event: 3.444 Thread 0x00000208aa9d5400 Uncommon trap: reason=class_check action=maybe_recompile pc=0x00000208b9de7384 method=sun.security.util.math.intpoly.IntegerPolynomial.multByInt([JJ)V @ 26 c2
Event: 3.444 Thread 0x00000208aa9d5400 DEOPT PACKING pc=0x00000208b9de7384 sp=0x0000004101efd9c0
Event: 3.444 Thread 0x00000208aa9d5400 DEOPT UNPACKING pc=0x00000208b98123a3 sp=0x0000004101efd970 mode 2
Event: 3.460 Thread 0x00000208aa9d5400 Uncommon trap: trap_request=0xffffff6e fr.pc=0x00000208b9dea574 relative=0x0000000000000274
Event: 3.460 Thread 0x00000208aa9d5400 Uncommon trap: reason=loop_limit_check action=maybe_recompile pc=0x00000208b9dea574 method=java.math.BigInteger.implMulAdd([I[IIII)I @ 26 c2
Event: 3.460 Thread 0x00000208aa9d5400 DEOPT PACKING pc=0x00000208b9dea574 sp=0x0000004101efd630
Event: 3.460 Thread 0x00000208aa9d5400 DEOPT UNPACKING pc=0x00000208b98123a3 sp=0x0000004101efd580 mode 2

Classes unloaded (0 events):
No events

Classes redefined (0 events):
No events

Internal exceptions (20 events):
Event: 1.282 Thread 0x00000208aa9d5400 Exception <a 'java/lang/NoClassDefFoundError'{0x0000000712145758}: org/slf4j/LoggerFactory> (0x0000000712145758) 
thrown [s\open\src\hotspot\share\classfile\systemDictionary.cpp, line 245]
Event: 1.283 Thread 0x00000208aa9d5400 Exception <a 'java/lang/reflect/InvocationTargetException'{0x0000000712145a28}> (0x0000000712145a28) 
thrown [s\open\src\hotspot\share\runtime\reflection.cpp, line 1121]
Event: 1.284 Thread 0x00000208aa9d5400 Exception <a 'java/lang/NoClassDefFoundError'{0x0000000712148da8}: org/apache/commons/logging/LogFactory> (0x0000000712148da8) 
thrown [s\open\src\hotspot\share\classfile\systemDictionary.cpp, line 245]
Event: 1.284 Thread 0x00000208aa9d5400 Exception <a 'java/lang/reflect/InvocationTargetException'{0x0000000712149078}> (0x0000000712149078) 
thrown [s\open\src\hotspot\share\runtime\reflection.cpp, line 1121]
Event: 1.298 Thread 0x00000208aa9d5400 Exception <a 'java/lang/NoClassDefFoundError'{0x000000071214c318}: org/apache/logging/log4j/LogManager> (0x000000071214c318) 
thrown [s\open\src\hotspot\share\classfile\systemDictionary.cpp, line 245]
Event: 1.298 Thread 0x00000208aa9d5400 Exception <a 'java/lang/reflect/InvocationTargetException'{0x000000071214c5e8}> (0x000000071214c5e8) 
thrown [s\open\src\hotspot\share\runtime\reflection.cpp, line 1121]
Event: 1.298 Thread 0x00000208aa9d5400 Exception <a 'java/lang/NoClassDefFoundError'{0x000000071214f6d0}: org/apache/log4j/Priority> (0x000000071214f6d0) 
thrown [s\open\src\hotspot\share\classfile\systemDictionary.cpp, line 245]
Event: 1.299 Thread 0x00000209130f8c40 Exception <a 'java/lang/ClassNotFoundException'{0x00000007121f0e90}: javax/management/remote/rmi/RMIConnectionImpl_Skel> (0x00000007121f0e90) 
thrown [s\open\src\hotspot\share\classfile\systemDictionary.cpp, line 256]
Event: 1.300 Thread 0x000002091326d030 Exception <a 'java/lang/NoSuchMethodError'{0x0000000711e1def8}: 'java.lang.Object java.lang.invoke.Invokers$Holder.linkToTargetMethod(java.lang.Object, long, java.lang.Object)'> (0x0000000711e1def8) 
thrown [s\open\src\hotspot\share\interpreter\linkResolver.cpp, line 759]
Event: 1.312 Thread 0x00000208aa9d5400 Exception <a 'java/lang/NoSuchMethodError'{0x0000000711f82ba0}: 'void java.lang.invoke.DirectMethodHandle$Holder.invokeSpecial(java.lang.Object, java.lang.Object, java.lang.Object)'> (0x0000000711f82ba0) 
thrown [s\open\src\hotspot\share\interpreter\linkResolver.cpp, line 759]
Event: 1.314 Thread 0x00000208aa9d5400 Exception <a 'java/lang/NoSuchMethodError'{0x0000000711f89520}: 'int java.lang.invoke.Invokers$Holder.invokeExact_MT(java.lang.Object, java.lang.Object, java.lang.Object)'> (0x0000000711f89520) 
thrown [s\open\src\hotspot\share\interpreter\linkResolver.cpp, line 759]
Event: 1.329 Thread 0x00000208aa9d5400 Implicit null exception at 0x00000208b9da6df2 to 0x00000208b9da744c
Event: 1.329 Thread 0x00000208aa9d5400 Implicit null exception at 0x00000208b9da6172 to 0x00000208b9da67cc
Event: 1.630 Thread 0x00000208aa9d5400 Exception <a 'java/lang/NoSuchMethodError'{0x0000000712cd2e38}: 'java.lang.Object java.lang.invoke.DirectMethodHandle$Holder.invokeInterface(java.lang.Object, java.lang.Object)'> (0x0000000712cd2e38) 
thrown [s\open\src\hotspot\share\interpreter\linkResolver.cpp, line 759]
Event: 1.736 Thread 0x00000208aa9d5400 Exception <a 'java/lang/NoSuchMethodError'{0x0000000712d647c0}: 'java.lang.Object java.lang.invoke.DirectMethodHandle$Holder.invokeVirtual(java.lang.Object, java.lang.Object, java.lang.Object)'> (0x0000000712d647c0) 
thrown [s\open\src\hotspot\share\interpreter\linkResolver.cpp, line 759]
Event: 2.260 Thread 0x00000208aa9d5400 Exception <a 'java/lang/NoSuchMethodError'{0x00000007127298c0}: 'void java.lang.invoke.DirectMethodHandle$Holder.invokeStaticInit(java.lang.Object, java.lang.Object)'> (0x00000007127298c0) 
thrown [s\open\src\hotspot\share\interpreter\linkResolver.cpp, line 759]
Event: 2.455 Thread 0x00000208aa9d5400 Exception <a 'sun/nio/fs/WindowsException'{0x000000071242d5a0}> (0x000000071242d5a0) 
thrown [s\open\src\hotspot\share\prims\jni.cpp, line 516]
Event: 2.502 Thread 0x00000208aa9d5400 Exception <a 'java/lang/NoSuchMethodError'{0x0000000712453918}: 'int java.lang.invoke.DirectMethodHandle$Holder.invokeStaticInit(java.lang.Object, java.lang.Object, java.lang.Object, java.lang.Object)'> (0x0000000712453918) 
thrown [s\open\src\hotspot\share\interpreter\linkResolver.cpp, line 759]
Event: 2.503 Thread 0x00000208aa9d5400 Exception <a 'java/lang/IncompatibleClassChangeError'{0x000000071245cd20}: Found class java.lang.Object, but interface was expected> (0x000000071245cd20) 
thrown [s\open\src\hotspot\share\interpreter\linkResolver.cpp, line 826]
Event: 2.504 Thread 0x00000208aa9d5400 Exception <a 'java/lang/NoSuchMethodError'{0x0000000712462188}: 'int java.lang.invoke.DirectMethodHandle$Holder.invokeStaticInit(java.lang.Object, java.lang.Object)'> (0x0000000712462188) 
thrown [s\open\src\hotspot\share\interpreter\linkResolver.cpp, line 759]

VM Operations (20 events):
Event: 0.999 Executing VM operation: HandshakeAllThreads
Event: 0.999 Executing VM operation: HandshakeAllThreads done
Event: 1.253 Executing VM operation: HandshakeAllThreads
Event: 1.253 Executing VM operation: HandshakeAllThreads done
Event: 1.253 Executing VM operation: Cleanup
Event: 1.254 Executing VM operation: Cleanup done
Event: 1.284 Executing VM operation: HandshakeAllThreads
Event: 1.297 Executing VM operation: HandshakeAllThreads done
Event: 1.450 Executing VM operation: G1CollectForAllocation
Event: 1.462 Executing VM operation: G1CollectForAllocation done
Event: 1.550 Executing VM operation: HandshakeAllThreads
Event: 1.550 Executing VM operation: HandshakeAllThreads done
Event: 1.551 Executing VM operation: HandshakeAllThreads
Event: 1.551 Executing VM operation: HandshakeAllThreads done
Event: 2.470 Executing VM operation: HandshakeAllThreads
Event: 2.470 Executing VM operation: HandshakeAllThreads done
Event: 2.470 Executing VM operation: Cleanup
Event: 2.471 Executing VM operation: Cleanup done
Event: 3.165 Executing VM operation: HandshakeAllThreads
Event: 3.165 Executing VM operation: HandshakeAllThreads done

Events (20 events):
Event: 3.274 loading class javax/security/auth/callback/UnsupportedCallbackException
Event: 3.275 loading class javax/security/auth/callback/UnsupportedCallbackException done
Event: 3.275 loading class javax/security/auth/login/Configuration
Event: 3.276 loading class javax/security/auth/login/Configuration done
Event: 3.277 loading class javax/security/auth/callback/Callback
Event: 3.277 loading class javax/security/auth/callback/Callback done
Event: 3.277 loading class sun/invoke/util/VerifyAccess$1
Event: 3.277 loading class sun/invoke/util/VerifyAccess$1 done
Event: 3.291 loading class sun/security/ssl/PostHandshakeContext
Event: 3.292 loading class sun/security/ssl/PostHandshakeContext done
Event: 3.292 loading class sun/security/ssl/NewSessionTicket$T13NewSessionTicketMessage
Event: 3.292 loading class sun/security/ssl/NewSessionTicket$NewSessionTicketMessage
Event: 3.292 loading class sun/security/ssl/NewSessionTicket$NewSessionTicketMessage done
Event: 3.292 loading class sun/security/ssl/NewSessionTicket$T13NewSessionTicketMessage done
Event: 3.367 loading class java/lang/reflect/UndeclaredThrowableException
Event: 3.368 loading class java/lang/reflect/UndeclaredThrowableException done
Event: 3.382 loading class java/util/NoSuchElementException
Event: 3.383 loading class java/util/NoSuchElementException done
Event: 3.392 loading class java/util/TimerTask
Event: 3.392 loading class java/util/TimerTask done


Dynamic libraries:
0x00007ff74cdb0000 - 0x00007ff74cdc0000 	C:\Program Files\Java\jdk-17\bin\java.exe
0x00007ffa81f70000 - 0x00007ffa82187000 	C:\WINDOWS\SYSTEM32\ntdll.dll
0x00007ffa80c10000 - 0x00007ffa80cd4000 	C:\WINDOWS\System32\KERNEL32.DLL
0x00007ffa7f4e0000 - 0x00007ffa7f8b3000 	C:\WINDOWS\System32\KERNELBASE.dll
0x00007ffa7fab0000 - 0x00007ffa7fbc1000 	C:\WINDOWS\System32\ucrtbase.dll
0x00007ffa76480000 - 0x00007ffa76499000 	C:\Program Files\Java\jdk-17\bin\jli.dll
0x00007ffa814e0000 - 0x00007ffa81591000 	C:\WINDOWS\System32\ADVAPI32.dll
0x00007ffa81040000 - 0x00007ffa810e7000 	C:\WINDOWS\System32\msvcrt.dll
0x00007ffa7ffb0000 - 0x00007ffa80057000 	C:\WINDOWS\System32\sechost.dll
0x00007ffa7f060000 - 0x00007ffa7f088000 	C:\WINDOWS\System32\bcrypt.dll
0x00007ffa7fe40000 - 0x00007ffa7ff54000 	C:\WINDOWS\System32\RPCRT4.dll
0x00007ffa7fc00000 - 0x00007ffa7fdb1000 	C:\WINDOWS\System32\USER32.dll
0x00007ffa7fbd0000 - 0x00007ffa7fbf6000 	C:\WINDOWS\System32\win32u.dll
0x00007ffa81950000 - 0x00007ffa81979000 	C:\WINDOWS\System32\GDI32.dll
0x00007ffa7f8c0000 - 0x00007ffa7f9e4000 	C:\WINDOWS\System32\gdi32full.dll
0x00007ffa7f1d0000 - 0x00007ffa7f26a000 	C:\WINDOWS\System32\msvcp_win.dll
0x00007ffa54220000 - 0x00007ffa5423b000 	C:\Program Files\Java\jdk-17\bin\VCRUNTIME140.dll
0x00007ffa67640000 - 0x00007ffa678db000 	C:\WINDOWS\WinSxS\amd64_microsoft.windows.common-controls_6595b64144ccf1df_6.0.22621.5240_none_2710eadf7384a318\COMCTL32.dll
0x00007ffa6b7e0000 - 0x00007ffa6b7ea000 	C:\WINDOWS\SYSTEM32\VERSION.dll
0x00007ffa814a0000 - 0x00007ffa814d1000 	C:\WINDOWS\System32\IMM32.DLL
0x00007ffa78a60000 - 0x00007ffa78a6c000 	C:\Program Files\Java\jdk-17\bin\vcruntime140_1.dll
0x00007ffa52ff0000 - 0x00007ffa5307e000 	C:\Program Files\Java\jdk-17\bin\msvcp140.dll
0x00007ff9dbf70000 - 0x00007ff9dcb50000 	C:\Program Files\Java\jdk-17\bin\server\jvm.dll
0x00007ffa81940000 - 0x00007ffa81948000 	C:\WINDOWS\System32\PSAPI.DLL
0x00007ffa59490000 - 0x00007ffa59499000 	C:\WINDOWS\SYSTEM32\WSOCK32.dll
0x00007ffa77270000 - 0x00007ffa772a4000 	C:\WINDOWS\SYSTEM32\WINMM.dll
0x00007ffa81eb0000 - 0x00007ffa81f21000 	C:\WINDOWS\System32\WS2_32.dll
0x00007ffa7e160000 - 0x00007ffa7e178000 	C:\WINDOWS\SYSTEM32\kernel.appcore.dll
0x00007ffa78720000 - 0x00007ffa7872a000 	C:\Program Files\Java\jdk-17\bin\jimage.dll
0x00007ffa7c7c0000 - 0x00007ffa7c9f2000 	C:\WINDOWS\SYSTEM32\DBGHELP.DLL
0x00007ffa815a0000 - 0x00007ffa81933000 	C:\WINDOWS\System32\combase.dll
0x00007ffa80060000 - 0x00007ffa80137000 	C:\WINDOWS\System32\OLEAUT32.dll
0x00007ffa66950000 - 0x00007ffa66982000 	C:\WINDOWS\SYSTEM32\dbgcore.DLL
0x00007ffa7f460000 - 0x00007ffa7f4db000 	C:\WINDOWS\System32\bcryptPrimitives.dll
0x00007ffa78a70000 - 0x00007ffa78a7e000 	C:\Program Files\Java\jdk-17\bin\instrument.dll
0x00007ffa52b50000 - 0x00007ffa52b75000 	C:\Program Files\Java\jdk-17\bin\java.dll
0x00007ffa328f0000 - 0x00007ffa329c7000 	C:\Program Files\Java\jdk-17\bin\jsvml.dll
0x00007ffa80350000 - 0x00007ffa80bf2000 	C:\WINDOWS\System32\SHELL32.dll
0x00007ffa7f090000 - 0x00007ffa7f1cf000 	C:\WINDOWS\System32\wintypes.dll
0x00007ffa7cf60000 - 0x00007ffa7d87d000 	C:\WINDOWS\SYSTEM32\windows.storage.dll
0x00007ffa801d0000 - 0x00007ffa802db000 	C:\WINDOWS\System32\SHCORE.dll
0x00007ffa81280000 - 0x00007ffa812e9000 	C:\WINDOWS\System32\shlwapi.dll
0x00007ffa7ef90000 - 0x00007ffa7efbb000 	C:\WINDOWS\SYSTEM32\profapi.dll
0x00007ffa52df0000 - 0x00007ffa52e08000 	C:\Program Files\Java\jdk-17\bin\zip.dll
0x00007ffa51f80000 - 0x00007ffa51f99000 	C:\Program Files\Java\jdk-17\bin\net.dll
0x00007ffa79460000 - 0x00007ffa7958c000 	C:\WINDOWS\SYSTEM32\WINHTTP.dll
0x00007ffa7e610000 - 0x00007ffa7e67a000 	C:\WINDOWS\system32\mswsock.dll
0x00007ffa498f0000 - 0x00007ffa49906000 	C:\Program Files\Java\jdk-17\bin\nio.dll
0x00007ffa48590000 - 0x00007ffa485aa000 	D:\2024IDEA\IntelliJ IDEA 2024.3\bin\breakgen64.dll
0x00007ffa7db00000 - 0x00007ffa7dbf8000 	C:\WINDOWS\SYSTEM32\DNSAPI.dll
0x00007ffa7dad0000 - 0x00007ffa7dafd000 	C:\WINDOWS\SYSTEM32\IPHLPAPI.DLL
0x00007ffa81270000 - 0x00007ffa81279000 	C:\WINDOWS\System32\NSI.dll
0x00007ffa77070000 - 0x00007ffa7707a000 	C:\Windows\System32\rasadhlp.dll
0x00007ffa77530000 - 0x00007ffa775b3000 	C:\WINDOWS\System32\fwpuclnt.dll
0x00007ffa76470000 - 0x00007ffa7647a000 	C:\Program Files\Java\jdk-17\bin\management.dll
0x00007ffa672d0000 - 0x00007ffa672db000 	C:\Program Files\Java\jdk-17\bin\management_ext.dll
0x00007ffa7e860000 - 0x00007ffa7e87b000 	C:\WINDOWS\SYSTEM32\CRYPTSP.dll
0x00007ffa7e0c0000 - 0x00007ffa7e0f7000 	C:\WINDOWS\system32\rsaenh.dll
0x00007ffa7e700000 - 0x00007ffa7e728000 	C:\WINDOWS\SYSTEM32\USERENV.dll
0x00007ffa7e880000 - 0x00007ffa7e88c000 	C:\WINDOWS\SYSTEM32\CRYPTBASE.dll
0x00007ffa78500000 - 0x00007ffa78519000 	C:\WINDOWS\SYSTEM32\dhcpcsvc6.DLL
0x00007ffa784e0000 - 0x00007ffa784ff000 	C:\WINDOWS\SYSTEM32\dhcpcsvc.DLL
0x00007ffa37680000 - 0x00007ffa37697000 	C:\WINDOWS\system32\napinsp.dll
0x00007ffa37660000 - 0x00007ffa3767b000 	C:\WINDOWS\system32\pnrpnsp.dll
0x00007ffa37640000 - 0x00007ffa37651000 	C:\WINDOWS\System32\winrnr.dll
0x00007ffa78540000 - 0x00007ffa78555000 	C:\WINDOWS\system32\wshbth.dll
0x00007ffa37610000 - 0x00007ffa37631000 	C:\WINDOWS\system32\nlansp_c.dll
0x00007ffa671b0000 - 0x00007ffa671be000 	C:\Program Files\Java\jdk-17\bin\sunmscapi.dll
0x00007ffa7f2f0000 - 0x00007ffa7f457000 	C:\WINDOWS\System32\CRYPT32.dll
0x00007ffa7ea20000 - 0x00007ffa7ea4d000 	C:\WINDOWS\SYSTEM32\ncrypt.dll
0x00007ffa7e9e0000 - 0x00007ffa7ea17000 	C:\WINDOWS\SYSTEM32\NTASN1.dll

dbghelp: loaded successfully - version: 4.0.5 - missing functions: none
symbol engine: initialized successfully - sym options: 0x614 - pdb path: .;C:\Program Files\Java\jdk-17\bin;C:\WINDOWS\SYSTEM32;C:\WINDOWS\WinSxS\amd64_microsoft.windows.common-controls_6595b64144ccf1df_6.0.22621.5240_none_2710eadf7384a318;C:\Program Files\Java\jdk-17\bin\server;D:\2024IDEA\IntelliJ IDEA 2024.3\bin

VM Arguments:
jvm_args: -javaagent:D:\2024IDEA\IntelliJ IDEA 2024.3\lib\idea_rt.jar=53947:D:\2024IDEA\IntelliJ IDEA 2024.3\bin -Dfile.encoding=UTF-8 
java_command: com.fan.mybatis.test.MybatisIntroduction
java_class_path (initial): D:\2024IDEA\project\Mybatis\mybatis-001-introduction\target\classes;D:\Maven\apache-maven-3.8.2\maven- repo\org\mybatis\mybatis\3.5.10\mybatis-3.5.10.jar;D:\Maven\apache-maven-3.8.2\maven- repo\mysql\mysql-connector-java\8.0.29\mysql-connector-java-8.0.29.jar;D:\Maven\apache-maven-3.8.2\maven- repo\com\google\protobuf\protobuf-java\3.19.4\protobuf-java-3.19.4.jar
Launcher Type: SUN_STANDARD

[Global flags]
     intx CICompilerCount                          = 4                                         {product} {ergonomic}
     uint ConcGCThreads                            = 2                                         {product} {ergonomic}
     uint G1ConcRefinementThreads                  = 8                                         {product} {ergonomic}
   size_t G1HeapRegionSize                         = 2097152                                   {product} {ergonomic}
    uintx GCDrainStackTargetSize                   = 64                                        {product} {ergonomic}
   size_t InitialHeapSize                          = 266338304                                 {product} {ergonomic}
   size_t MarkStackSize                            = 4194304                                   {product} {ergonomic}
   size_t MaxHeapSize                              = 4242538496                                {product} {ergonomic}
   size_t MaxNewSize                               = 2543845376                                {product} {ergonomic}
   size_t MinHeapDeltaBytes                        = 2097152                                   {product} {ergonomic}
   size_t MinHeapSize                              = 8388608                                   {product} {ergonomic}
    uintx NonNMethodCodeHeapSize                   = 5839372                                {pd product} {ergonomic}
    uintx NonProfiledCodeHeapSize                  = 122909434                              {pd product} {ergonomic}
    uintx ProfiledCodeHeapSize                     = 122909434                              {pd product} {ergonomic}
    uintx ReservedCodeCacheSize                    = 251658240                              {pd product} {ergonomic}
     bool SegmentedCodeCache                       = true                                      {product} {ergonomic}
   size_t SoftMaxHeapSize                          = 4242538496                             {manageable} {ergonomic}
     bool UseCompressedClassPointers               = true                           {product lp64_product} {ergonomic}
     bool UseCompressedOops                        = true                           {product lp64_product} {ergonomic}
     bool UseG1GC                                  = true                                      {product} {ergonomic}
     bool UseLargePagesIndividualAllocation        = false                                  {pd product} {ergonomic}

Logging:
Log output configuration:
 #0: stdout all=warning uptime,level,tags
 #1: stderr all=off uptime,level,tags

Environment Variables:
JAVA_HOME=C:\Program Files\Java\jdk-17
CLASSPATH=.;%JAVA_HOME%\lib;%JAVA_HOME%\lib\dt.jar;%JAVA_HOME%\tools.jar
PATH=C:\Program Files (x86)\Razer\ChromaBroadcast\bin;C:\Program Files\Razer\ChromaBroadcast\bin;C:\Program Files\Common Files\Oracle\Java\javapath;C:\Program Files (x86)\Common Files\Intel\Shared Libraries\redist\intel64\compiler;C:\Program Files\Java\jdk-17\bin;C:\P;ogram Files (x86)\Common Files\Oracle\Java\javapath;C:\Windows\system32;C:\Windows;C:\Windows\System32\Wbem;C:\Windows\System32\WindowsPowerShell\v1.0\;C:\Windows\System32\OpenSSH\;C:\Program Files (x86)\NVIDIA Corporation\PhysX\Common;C:\WINDOWS\system32;C:\WINDOWS;C:\WINDOWS\System32\Wbem;C:\WINDOWS\System32\WindowsPowerShell\v1.0\;C:\WINDOWS\System32\OpenSSH\;D:\Tomcat\apache-tomcat-10.0.11-windows-x64\apache-tomcat-10.0.11\bin;D:\Maven\apache-maven-3.8.2\bin;D:\MySql\bin;D:\QT\5.12.9\msvc2017_64\bin;C:\Program Files\dotnet\;C:\Program Files\Microsoft SQL Server\Client SDK\ODBC\170\Tools\Binn\;C:\Program Files (x86)\Microsoft SQL Server\150\Tools\Binn\;C:\Program Files\Microsoft SQL Server\150\Tools\Binn\;C:\Program Files\Microsoft SQL Server\150\DTS\Binn\;C:\Program Files (x86)\Tencent\web\dll;D:\Ana;onda;D:\Anaconda\Scripts;D:\Anaconda\Library\bin;D:\redis\;E:\Xshell\;E:\Xftp 7\;C:\Program Files\NVIDIA GPU Computing Toolkit\CUDA\v11.6\lib;C:\Program Files\NVIDIA GPU Computing Toolkit\CUDA\v11.6\bin;C:\Program Files\NVIDIA GPU Computing Toolkit\CUDA\v11.6\include;C:\Program Files\Graphviz\bin;C:\Program Files\Graphviz\dot.exe;E:\poppler-23.12.0;E:\Tesseract-OCR\tesseract.exe;E:\408\ten\neo4j-community-3.5.5\bin;D:\MSYS2\mingw64\bin;C:\Users\DELL\AppData\Roaming\nvm;C:\Program Files\nodejs;D:\MQ\RabbitMQ\rabbitmq_server-4.0.4\sbin;D:\MQ\Erlang OTP\bin;D:\jmeter\apache-jmeter-5.6.3\bin;D:\Git\Git\cmd;C:\WINDOWS\system32\config\systemprofile\AppData\Local\Microsoft\WindowsApps;C:\Program Files (x86)\Razer Chroma SDK\bin;C:\Program Files\Razer Chroma SDK\bin;D:\python\python3.11.3\Scripts\;D:\python\python3.11.3\;C:\Users\DELL\AppData\Local\Microsoft\WindowsApps;D:\Microsoft VS Code\bin;C:\P
USERNAME=DELL
OS=Windows_NT
PROCESSOR_IDENTIFIER=Intel64 Family 6 Model 165 Stepping 2, GenuineIntel



---------------  S Y S T E M  ---------------

OS:
 Windows 11 , 64 bit Build 22621 (10.0.22621.5305)
OS uptime: 1 days 20:42 hours
Hyper-V role detected

CPU: total 8 (initial active 8) (4 cores per cpu, 2 threads per core) family 6 model 165 stepping 2 microcode 0xfc, cx8, cmov, fxsr, ht, mmx, 3dnowpref, sse, sse2, sse3, ssse3, sse4.1, sse4.2, popcnt, lzcnt, tsc, tscinvbit, avx, avx2, aes, erms, clmul, bmi1, bmi2, adx, fma, vzeroupper, clflush, clflushopt, hv

Memory: 4k page, system-wide physical 16177M (494M free)
TotalPageFile size 64150M (AvailPageFile size 0M)
current process WorkingSet (physical memory assigned to process): 101M, peak: 101M
current process commit charge ("private bytes"): 374M, peak: 374M

vm_info: Java HotSpot(TM) 64-Bit Server VM (17.0.12+8-LTS-286) for windows-amd64 JRE (17.0.12+8-LTS-286), built on Jun  5 2024 06:46:59 by "mach5one" with MS VC++ 17.6 (VS2022)

END.
