#
# There is insufficient memory for the Java Runtime Environment to continue.
# Native memory allocation (mmap) failed to map 266338304 bytes for G1 virtual space
# Possible reasons:
#   The system is out of physical RAM or swap space
#   The process is running with CompressedOops enabled, and the Java Heap may be blocking the growth of the native heap
# Possible solutions:
#   Reduce memory load on the system
#   Increase physical memory or swap space
#   Check if swap backing store is full
#   Decrease Java heap size (-Xmx/-Xms)
#   Decrease number of Java threads
#   Decrease Java thread stack sizes (-Xss)
#   Set larger code cache with -XX:ReservedCodeCacheSize=
#   JVM is running with Zero Based Compressed Oops mode in which the Java heap is
#     placed in the first 32GB address space. The Java Heap base address is the
#     maximum limit for the native heap growth. Please use -XX:HeapBaseMinAddress
#     to set the Java Heap base and to place the Java Heap above 32GB virtual address.
# This output file may be truncated or incomplete.
#
#  Out of Memory Error (os_windows.cpp:3548), pid=37584, tid=19116
#
# JRE version:  (17.0.12+8) (build )
# Java VM: Java HotSpot(TM) 64-Bit Server VM (17.0.12+8-LTS-286, mixed mode, sharing, tiered, compressed oops, compressed class ptrs, g1 gc, windows-amd64)
# No core dump will be written. Minidumps are not enabled by default on client versions of Windows
#

---------------  S U M M A R Y ------------

Command Line: -ea -Didea.test.cyclic.buffer.size=1048576 -javaagent:D:\2024IDEA\IntelliJ IDEA 2024.3\lib\idea_rt.jar=63868:D:\2024IDEA\IntelliJ IDEA 2024.3\bin -javaagent:D:\2024IDEA\IDEA_cach\IntelliJIdea2024.3\system\captureAgent\debugger-agent.jar -Dkotlinx.coroutines.debug.enable.creation.stack.trace=false -Ddebugger.agent.enable.coroutines=true -Dkotlinx.coroutines.debug.enable.flows.stack.trace=true -Dkotlinx.coroutines.debug.enable.mutable.state.flows.stack.trace=true -Dfile.encoding=UTF-8 com.intellij.rt.junit.JUnitStarter -ideVersion5 -junit4 com.fan.xml.test.ParseXMLByDom4jTest

Host: Intel(R) Core(TM) i5-10300H CPU @ 2.50GHz, 8 cores, 15G,  Windows 11 , 64 bit Build 22621 (10.0.22621.5305)
Time: Wed Oct  1 17:53:18 2025  Windows 11 , 64 bit Build 22621 (10.0.22621.5305) elapsed time: 0.017597 seconds (0d 0h 0m 0s)

---------------  T H R E A D  ---------------

Current thread (0x0000017adf0f8b90):  JavaThread "Unknown thread" [_thread_in_vm, id=19116, stack(0x000000209d800000,0x000000209d900000)]

Stack: [0x000000209d800000,0x000000209d900000]
Native frames: (J=compiled Java code, j=interpreted, Vv=VM code, C=native code)
V  [jvm.dll+0x67a04a]
V  [jvm.dll+0x7da4ed]
V  [jvm.dll+0x7dbe33]
V  [jvm.dll+0x7dc4a3]
V  [jvm.dll+0x24508f]
V  [jvm.dll+0x677089]
V  [jvm.dll+0x66bd32]
V  [jvm.dll+0x301fa6]
V  [jvm.dll+0x309546]
V  [jvm.dll+0x359d2e]
V  [jvm.dll+0x359f5f]
V  [jvm.dll+0x2d9078]
V  [jvm.dll+0x2d9fe4]
V  [jvm.dll+0x7aca21]
V  [jvm.dll+0x367591]
V  [jvm.dll+0x78b999]
V  [jvm.dll+0x3ec83f]
V  [jvm.dll+0x3ee471]
C  [jli.dll+0x5297]
C  [ucrtbase.dll+0x29333]
C  [KERNEL32.DLL+0x1259d]
C  [ntdll.dll+0x5af78]


---------------  P R O C E S S  ---------------

Threads class SMR info:
_java_thread_list=0x00007ff8cc197a18, length=0, elements={
}

Java Threads: ( => current thread )

Other Threads:
  0x0000017adf1699c0 GCTaskThread "GC Thread#0" [stack: 0x000000209d900000,0x000000209da00000] [id=24388]
  0x0000017adf17a4f0 ConcurrentGCThread "G1 Main Marker" [stack: 0x000000209da00000,0x000000209db00000] [id=37308]
  0x0000017adf17b5b0 ConcurrentGCThread "G1 Conc#0" [stack: 0x000000209db00000,0x000000209dc00000] [id=37408]

[error occurred during error reporting (printing all threads), id 0xc0000005, EXCEPTION_ACCESS_VIOLATION (0xc0000005) at pc=0x00007ff8cb9c9b67]

VM state: not at safepoint (not fully initialized)

VM Mutex/Monitor currently owned by a thread:  ([mutex/lock_event])
[0x0000017adf0f6540] Heap_lock - owner thread: 0x0000017adf0f8b90

Heap address: 0x0000000703200000, size: 4046 MB, Compressed Oops mode: Zero based, Oop shift amount: 3

CDS archive(s) mapped at: [0x0000000000000000-0x0000000000000000-0x0000000000000000), size 0, SharedBaseAddress: 0x0000000800000000, ArchiveRelocationMode: 1.
Narrow klass base: 0x0000000000000000, Narrow klass shift: 0, Narrow klass range: 0x0

GC Precious Log:
<Empty>

Heap:
 garbage-first heap   total 0K, used 0K [0x0000000703200000, 0x0000000800000000)
  region size 2048K, 0 young (0K), 0 survivors (0K)

[error occurred during error reporting (printing heap information), id 0xc0000005, EXCEPTION_ACCESS_VIOLATION (0xc0000005) at pc=0x00007ff8cbdb3859]

GC Heap History (0 events):
No events

Deoptimization events (0 events):
No events

Classes unloaded (0 events):
No events

Classes redefined (0 events):
No events

Internal exceptions (0 events):
No events

VM Operations (0 events):
No events

Events (2 events):
Event: 0.011 Loaded shared library C:\Program Files\Java\jdk-17\bin\java.dll
Event: 0.012 Loaded shared library C:\Program Files\Java\jdk-17\bin\zip.dll


Dynamic libraries:
0x00007ff799300000 - 0x00007ff799310000 	C:\Program Files\Java\jdk-17\bin\java.exe
0x00007ff9601d0000 - 0x00007ff9603e7000 	C:\WINDOWS\SYSTEM32\ntdll.dll
0x00007ff95f3c0000 - 0x00007ff95f484000 	C:\WINDOWS\System32\KERNEL32.DLL
0x00007ff95d860000 - 0x00007ff95dc33000 	C:\WINDOWS\System32\KERNELBASE.dll
0x00007ff95d6a0000 - 0x00007ff95d7b1000 	C:\WINDOWS\System32\ucrtbase.dll
0x00007ff9567e0000 - 0x00007ff9567f9000 	C:\Program Files\Java\jdk-17\bin\jli.dll
0x00007ff9567c0000 - 0x00007ff9567db000 	C:\Program Files\Java\jdk-17\bin\VCRUNTIME140.dll
0x00007ff95f5a0000 - 0x00007ff95f651000 	C:\WINDOWS\System32\ADVAPI32.dll
0x00007ff95e290000 - 0x00007ff95e337000 	C:\WINDOWS\System32\msvcrt.dll
0x00007ff95e020000 - 0x00007ff95e0c7000 	C:\WINDOWS\System32\sechost.dll
0x00007ff95de30000 - 0x00007ff95de58000 	C:\WINDOWS\System32\bcrypt.dll
0x00007ff95f670000 - 0x00007ff95f784000 	C:\WINDOWS\System32\RPCRT4.dll
0x00007ff95e950000 - 0x00007ff95eb01000 	C:\WINDOWS\System32\USER32.dll
0x00007ff945fc0000 - 0x00007ff94625b000 	C:\WINDOWS\WinSxS\amd64_microsoft.windows.common-controls_6595b64144ccf1df_6.0.22621.5240_none_2710eadf7384a318\COMCTL32.dll
0x00007ff95d2c0000 - 0x00007ff95d2e6000 	C:\WINDOWS\System32\win32u.dll
0x00007ff95e450000 - 0x00007ff95e479000 	C:\WINDOWS\System32\GDI32.dll
0x00007ff95d570000 - 0x00007ff95d694000 	C:\WINDOWS\System32\gdi32full.dll
0x00007ff95d7c0000 - 0x00007ff95d85a000 	C:\WINDOWS\System32\msvcp_win.dll
0x00007ff94ac20000 - 0x00007ff94ac2a000 	C:\WINDOWS\SYSTEM32\VERSION.dll
0x00007ff95dfe0000 - 0x00007ff95e011000 	C:\WINDOWS\System32\IMM32.DLL
0x00007ff956e30000 - 0x00007ff956e3c000 	C:\Program Files\Java\jdk-17\bin\vcruntime140_1.dll
0x00007ff956730000 - 0x00007ff9567be000 	C:\Program Files\Java\jdk-17\bin\msvcp140.dll
0x00007ff8cb6e0000 - 0x00007ff8cc2c0000 	C:\Program Files\Java\jdk-17\bin\server\jvm.dll
0x00007ff960170000 - 0x00007ff960178000 	C:\WINDOWS\System32\PSAPI.DLL
0x00007ff93bd40000 - 0x00007ff93bd49000 	C:\WINDOWS\SYSTEM32\WSOCK32.dll
0x00007ff954520000 - 0x00007ff954554000 	C:\WINDOWS\SYSTEM32\WINMM.dll
0x00007ff95f790000 - 0x00007ff95f801000 	C:\WINDOWS\System32\WS2_32.dll
0x00007ff95c380000 - 0x00007ff95c398000 	C:\WINDOWS\SYSTEM32\kernel.appcore.dll
0x00007ff956720000 - 0x00007ff95672a000 	C:\Program Files\Java\jdk-17\bin\jimage.dll
0x00007ff95a9c0000 - 0x00007ff95abf2000 	C:\WINDOWS\SYSTEM32\DBGHELP.DLL
0x00007ff95f890000 - 0x00007ff95fc23000 	C:\WINDOWS\System32\combase.dll
0x00007ff95e340000 - 0x00007ff95e417000 	C:\WINDOWS\System32\OLEAUT32.dll
0x00007ff941010000 - 0x00007ff941042000 	C:\WINDOWS\SYSTEM32\dbgcore.DLL
0x00007ff95ddb0000 - 0x00007ff95de2b000 	C:\WINDOWS\System32\bcryptPrimitives.dll
0x00007ff9566e0000 - 0x00007ff9566ee000 	C:\Program Files\Java\jdk-17\bin\instrument.dll
0x00007ff9566f0000 - 0x00007ff956715000 	C:\Program Files\Java\jdk-17\bin\java.dll
0x00007ff956660000 - 0x00007ff956678000 	C:\Program Files\Java\jdk-17\bin\zip.dll

dbghelp: loaded successfully - version: 4.0.5 - missing functions: none
symbol engine: initialized successfully - sym options: 0x614 - pdb path: .;C:\Program Files\Java\jdk-17\bin;C:\WINDOWS\SYSTEM32;C:\WINDOWS\WinSxS\amd64_microsoft.windows.common-controls_6595b64144ccf1df_6.0.22621.5240_none_2710eadf7384a318;C:\Program Files\Java\jdk-17\bin\server

VM Arguments:
jvm_args: -ea -Didea.test.cyclic.buffer.size=1048576 -javaagent:D:\2024IDEA\IntelliJ IDEA 2024.3\lib\idea_rt.jar=63868:D:\2024IDEA\IntelliJ IDEA 2024.3\bin -javaagent:D:\2024IDEA\IDEA_cach\IntelliJIdea2024.3\system\captureAgent\debugger-agent.jar -Dkotlinx.coroutines.debug.enable.creation.stack.trace=false -Ddebugger.agent.enable.coroutines=true -Dkotlinx.coroutines.debug.enable.flows.stack.trace=true -Dkotlinx.coroutines.debug.enable.mutable.state.flows.stack.trace=true -Dfile.encoding=UTF-8 
java_command: com.intellij.rt.junit.JUnitStarter -ideVersion5 -junit4 com.fan.xml.test.ParseXMLByDom4jTest
java_class_path (initial): D:\2024IDEA\IntelliJ IDEA 2024.3\lib\idea_rt.jar;D:\2024IDEA\IntelliJ IDEA 2024.3\plugins\junit\lib\junit5-rt.jar;D:\2024IDEA\IntelliJ IDEA 2024.3\plugins\junit\lib\junit-rt.jar;D:\2024IDEA\project\Mybatis\parse-xml-by-dom4j\target\test-classes;D:\2024IDEA\project\Mybatis\parse-xml-by-dom4j\target\classes;D:\Maven\apache-maven-3.8.2\maven- repo\org\dom4j\dom4j\2.1.3\dom4j-2.1.3.jar;D:\Maven\apache-maven-3.8.2\maven- repo\jaxen\jaxen\1.2.0\jaxen-1.2.0.jar;D:\Maven\apache-maven-3.8.2\maven- repo\junit\junit\4.13.2\junit-4.13.2.jar;D:\Maven\apache-maven-3.8.2\maven- repo\org\hamcrest\hamcrest-core\1.3\hamcrest-core-1.3.jar
Launcher Type: SUN_STANDARD

[Global flags]
     intx CICompilerCount                          = 4                                         {product} {ergonomic}
     uint ConcGCThreads                            = 2                                         {product} {ergonomic}
     uint G1ConcRefinementThreads                  = 8                                         {product} {ergonomic}
   size_t G1HeapRegionSize                         = 2097152                                   {product} {ergonomic}
    uintx GCDrainStackTargetSize                   = 64                                        {product} {ergonomic}
   size_t InitialHeapSize                          = 266338304                                 {product} {ergonomic}
   size_t MarkStackSize                            = 4194304                                   {product} {ergonomic}
   size_t MaxHeapSize                              = 4242538496                                {product} {ergonomic}
   size_t MinHeapDeltaBytes                        = 2097152                                   {product} {ergonomic}
   size_t MinHeapSize                              = 8388608                                   {product} {ergonomic}
    uintx NonNMethodCodeHeapSize                   = 5839372                                {pd product} {ergonomic}
    uintx NonProfiledCodeHeapSize                  = 122909434                              {pd product} {ergonomic}
    uintx ProfiledCodeHeapSize                     = 122909434                              {pd product} {ergonomic}
    uintx ReservedCodeCacheSize                    = 251658240                              {pd product} {ergonomic}
     bool SegmentedCodeCache                       = true                                      {product} {ergonomic}
   size_t SoftMaxHeapSize                          = 4242538496                             {manageable} {ergonomic}
     bool UseCompressedClassPointers               = true                           {product lp64_product} {ergonomic}
     bool UseCompressedOops                        = true                           {product lp64_product} {ergonomic}
     bool UseG1GC                                  = true                                      {product} {ergonomic}
     bool UseLargePagesIndividualAllocation        = false                                  {pd product} {ergonomic}

Logging:
Log output configuration:
 #0: stdout all=warning uptime,level,tags
 #1: stderr all=off uptime,level,tags

Environment Variables:
JAVA_HOME=C:\Program Files\Java\jdk-17
CLASSPATH=.;%JAVA_HOME%\lib;%JAVA_HOME%\lib\dt.jar;%JAVA_HOME%\tools.jar
PATH=C:\Program Files (x86)\Razer\ChromaBroadcast\bin;C:\Program Files\Razer\ChromaBroadcast\bin;C:\Program Files\Common Files\Oracle\Java\javapath;C:\Program Files (x86)\Common Files\Intel\Shared Libraries\redist\intel64\compiler;C:\Program Files\Java\jdk-17\bin;C:\P;ogram Files (x86)\Common Files\Oracle\Java\javapath;C:\Windows\system32;C:\Windows;C:\Windows\System32\Wbem;C:\Windows\System32\WindowsPowerShell\v1.0\;C:\Windows\System32\OpenSSH\;C:\Program Files (x86)\NVIDIA Corporation\PhysX\Common;C:\WINDOWS\system32;C:\WINDOWS;C:\WINDOWS\System32\Wbem;C:\WINDOWS\System32\WindowsPowerShell\v1.0\;C:\WINDOWS\System32\OpenSSH\;D:\Tomcat\apache-tomcat-10.0.11-windows-x64\apache-tomcat-10.0.11\bin;D:\Maven\apache-maven-3.8.2\bin;D:\MySql\bin;D:\QT\5.12.9\msvc2017_64\bin;C:\Program Files\dotnet\;C:\Program Files\Microsoft SQL Server\Client SDK\ODBC\170\Tools\Binn\;C:\Program Files (x86)\Microsoft SQL Server\150\Tools\Binn\;C:\Program Files\Microsoft SQL Server\150\Tools\Binn\;C:\Program Files\Microsoft SQL Server\150\DTS\Binn\;C:\Program Files (x86)\Tencent\微信web开发者工具\dll;D:\Ana;onda;D:\Anaconda\Scripts;D:\Anaconda\Library\bin;D:\redis\;C:\Program Files\NVIDIA GPU Computing Toolkit\CUDA\v11.6\lib;C:\Program Files\NVIDIA GPU Computing Toolkit\CUDA\v11.6\bin;C:\Program Files\NVIDIA GPU Computing Toolkit\CUDA\v11.6\include;C:\Program Files\Graphviz\bin;C:\Program Files\Graphviz\dot.exe;E:\poppler-23.12.0;E:\Tesseract-OCR\tesseract.exe;E:\408\ten\neo4j-community-3.5.5\bin;D:\MSYS2\mingw64\bin;C:\Users\DELL\AppData\Roaming\nvm;C:\Program Files\nodejs;D:\MQ\RabbitMQ\rabbitmq_server-4.0.4\sbin;D:\MQ\Erlang OTP\bin;D:\jmeter\apache-jmeter-5.6.3\bin;D:\Git\Git\cmd;C:\WINDOWS\system32\config\systemprofile\AppData\Local\Microsoft\WindowsApps;C:\Program Files (x86)\Razer Chroma SDK\bin;C:\Program Files\Razer Chroma SDK\bin;D:\python\python3.11.3\Scripts\;D:\python\python3.11.3\;C:\Users\DELL\AppData\Local\Microsoft\WindowsApps;D:\Microsoft VS Code\bin;C:\Program Files\Bandizip\
USERNAME=DELL
OS=Windows_NT
PROCESSOR_IDENTIFIER=Intel64 Family 6 Model 165 Stepping 2, GenuineIntel



---------------  S Y S T E M  ---------------

OS:
 Windows 11 , 64 bit Build 22621 (10.0.22621.5305)
OS uptime: 0 days 4:12 hours
Hyper-V role detected

CPU: total 8 (initial active 8) (4 cores per cpu, 2 threads per core) family 6 model 165 stepping 2 microcode 0xfc, cx8, cmov, fxsr, ht, mmx, 3dnowpref, sse, sse2, sse3, ssse3, sse4.1, sse4.2, popcnt, lzcnt, tsc, tscinvbit, avx, avx2, aes, erms, clmul, bmi1, bmi2, adx, fma, vzeroupper, clflush, clflushopt, hv

Memory: 4k page, system-wide physical 16177M (1310M free)
TotalPageFile size 63569M (AvailPageFile size 143M)
current process WorkingSet (physical memory assigned to process): 12M, peak: 12M
current process commit charge ("private bytes"): 60M, peak: 314M

vm_info: Java HotSpot(TM) 64-Bit Server VM (17.0.12+8-LTS-286) for windows-amd64 JRE (17.0.12+8-LTS-286), built on Jun  5 2024 06:46:59 by "mach5one" with MS VC++ 17.6 (VS2022)

END.
